✔ Current Bank Accounts loaded
Session type (standard/admin): admin
Enter your name: 6

Logged in as 6 (admin)

Choose action:
1 - Deposit
2 - Withdraw
3 - Pay Bill
4 - Create Account (admin)
5 - Delete Account (admin)
6 - Disable Account (admin)
7 - Change Plan (admin)
8 - Logout
9 - Transfer
Choice: 00023
Invalid choice.

Choose action:
1 - Deposit
2 - Withdraw
3 - Pay Bill
4 - Create Account (admin)
5 - Delete Account (admin)
6 - Disable Account (admin)
7 - Change Plan (admin)
8 - Logout
9 - Transfer
Choice: 4
Account ID: alice brown
Account Name: 00023
Balance: 100
Account created.

Choose action:
1 - Deposit
2 - Withdraw
3 - Pay Bill
4 - Create Account (admin)
5 - Delete Account (admin)
6 - Disable Account (admin)
7 - Change Plan (admin)
8 - Logout
9 - Transfer
Choice: 7
Account holder name: 12345
Account ID: 5
Account not found.

Choose action:
1 - Deposit
2 - Withdraw
3 - Pay Bill
4 - Create Account (admin)
5 - Delete Account (admin)
6 - Disable Account (admin)
7 - Change Plan (admin)
8 - Logout
9 - Transfer
Choice: 00023
Invalid choice.

Choose action:
1 - Deposit
2 - Withdraw
3 - Pay Bill
4 - Create Account (admin)
5 - Delete Account (admin)
6 - Disable Account (admin)
7 - Change Plan (admin)
8 - Logout
9 - Transfer
Choice: 1
Account holder name: 00025
Account ID: 100
Amount: 8
Account not found.

Choose action:
1 - Deposit
2 - Withdraw
3 - Pay Bill
4 - Create Account (admin)
5 - Delete Account (admin)
6 - Disable Account (admin)
7 - Change Plan (admin)
8 - Logout
9 - Transfer
No more batch input, exiting...
