Using accounts file: C:\Users\Matte\Software Quality Assurance\Software-Quality-Assurance-Project\currentAccounts.txt
✔ Current Bank Accounts loaded: [
  "00002 'Matt'",
  "00023 'alice brown'",
  "00001 '1'",
  "00025 'Charlie Brown'",
  "00025 'Charlie Brown'"
]
Session type (standard/admin): admin
Enter your name: Alice Brown

Logged in as Alice Brown (admin)

Choose action:
1 - Deposit
2 - Withdraw
3 - Pay Bill
4 - Create Account (admin)
5 - Delete Account (admin)
6 - Disable Account (admin)
7 - Change Plan (admin)
8 - Logout
9 - Transfer
Choice: 7
Account holder name: alice brown
Account ID: 23
Looking for: alice brown 00023
Accounts loaded: [
  "00002 'Matt'",
  "00023 'alice brown'",
  "00001 '1'",
  "00025 'Charlie Brown'",
  "00025 'Charlie Brown'"
]
Plan changed.

Choose action:
1 - Deposit
2 - Withdraw
3 - Pay Bill
4 - Create Account (admin)
5 - Delete Account (admin)
6 - Disable Account (admin)
7 - Change Plan (admin)
8 - Logout
9 - Transfer
Choice: 8
✔ Current Bank Accounts file updated.
✔ Transactions saved.
Logged out.
