✔ Current Bank Accounts loaded
Session type (standard/admin): standard
Enter your name: alice brown

Logged in as alice brown (standard)

Choose action:
1 - Deposit
2 - Withdraw
3 - Pay Bill
4 - Create Account (admin)
5 - Delete Account (admin)
6 - Disable Account (admin)
7 - Change Plan (admin)
8 - Logout
9 - Transfer
Choice: 2
Account ID: 00023
Amount: 10
Invalid or insufficient funds.

Choose action:
1 - Deposit
2 - Withdraw
3 - Pay Bill
4 - Create Account (admin)
5 - Delete Account (admin)
6 - Disable Account (admin)
7 - Change Plan (admin)
8 - Logout
9 - Transfer
Choice: 1
Account ID: 00023
Amount: 100
Account not found.

Choose action:
1 - Deposit
2 - Withdraw
3 - Pay Bill
4 - Create Account (admin)
5 - Delete Account (admin)
6 - Disable Account (admin)
7 - Change Plan (admin)
8 - Logout
9 - Transfer
Choice: 8
✔ Current Bank Accounts file updated.
✔ Transactions saved.
Logged out.
