✔ Current Bank Accounts loaded.
Invalid session type.

Logged in as Alice brown (standard)

Choose action:
1 - Deposit
2 - Withdraw
3 - Pay Bill
4 - Create Account (admin)
5 - Delete Account (admin)
6 - Disable Account (admin)
7 - Change Plan (admin)
8 - Logout
9 - Transfer
transfer - undefined selected.
Invalid choice.

Choose action:
1 - Deposit
2 - Withdraw
3 - Pay Bill
4 - Create Account (admin)
5 - Delete Account (admin)
6 - Disable Account (admin)
7 - Change Plan (admin)
8 - Logout
9 - Transfer
12345 - undefined selected.
Invalid choice.

Choose action:
1 - Deposit
2 - Withdraw
3 - Pay Bill
4 - Create Account (admin)
5 - Delete Account (admin)
6 - Disable Account (admin)
7 - Change Plan (admin)
8 - Logout
9 - Transfer
23456 - undefined selected.
Invalid choice.

Choose action:
1 - Deposit
2 - Withdraw
3 - Pay Bill
4 - Create Account (admin)
5 - Delete Account (admin)
6 - Disable Account (admin)
7 - Change Plan (admin)
8 - Logout
9 - Transfer
750.00 - undefined selected.
Invalid choice.

Choose action:
1 - Deposit
2 - Withdraw
3 - Pay Bill
4 - Create Account (admin)
5 - Delete Account (admin)
6 - Disable Account (admin)
7 - Change Plan (admin)
8 - Logout
9 - Transfer
logout - undefined selected.
Invalid choice.

Choose action:
1 - Deposit
2 - Withdraw
3 - Pay Bill
4 - Create Account (admin)
5 - Delete Account (admin)
6 - Disable Account (admin)
7 - Change Plan (admin)
8 - Logout
9 - Transfer
End of batch input, exiting...
